<?xml version="1.0" encoding="UTF-8"?>
<coverage generated="1627890238858" clover="3.2.0">
  <project timestamp="1627890238858" name="All files">
    <metrics statements="99" coveredstatements="99" conditionals="67" coveredconditionals="62" methods="25" coveredmethods="24" elements="191" coveredelements="185" complexity="0" loc="99" ncloc="99" packages="1" files="2" classes="2"/>
    <file name="field-transform.ts" path="/Users/calvin/Documents/calvin/field-transform/src/field-transform.ts">
      <metrics statements="96" coveredstatements="96" conditionals="67" coveredconditionals="62" methods="21" coveredmethods="20"/>
      <line num="3" count="4" type="stmt"/>
      <line num="4" count="4" type="stmt"/>
      <line num="11" count="60" type="stmt"/>
      <line num="16" count="60" type="cond" truecount="2" falsecount="0"/>
      <line num="17" count="18" type="stmt"/>
      <line num="18" count="18" type="stmt"/>
      <line num="21" count="60" type="stmt"/>
      <line num="38" count="34" type="cond" truecount="1" falsecount="1"/>
      <line num="39" count="34" type="stmt"/>
      <line num="40" count="34" type="stmt"/>
      <line num="42" count="34" type="stmt"/>
      <line num="43" count="60" type="stmt"/>
      <line num="44" count="60" type="cond" truecount="2" falsecount="0"/>
      <line num="45" count="18" type="stmt"/>
      <line num="47" count="24" type="stmt"/>
      <line num="48" count="24" type="cond" truecount="4" falsecount="0"/>
      <line num="50" count="6" type="cond" truecount="1" falsecount="1"/>
      <line num="53" count="18" type="stmt"/>
      <line num="54" count="18" type="stmt"/>
      <line num="55" count="18" type="stmt"/>
      <line num="61" count="18" type="stmt"/>
      <line num="62" count="18" type="stmt"/>
      <line num="63" count="18" type="stmt"/>
      <line num="65" count="18" type="stmt"/>
      <line num="66" count="18" type="stmt"/>
      <line num="67" count="18" type="stmt"/>
      <line num="70" count="23" type="stmt"/>
      <line num="73" count="33" type="stmt"/>
      <line num="74" count="23" type="stmt"/>
      <line num="79" count="42" type="stmt"/>
      <line num="80" count="54" type="stmt"/>
      <line num="81" count="54" type="stmt"/>
      <line num="82" count="54" type="stmt"/>
      <line num="89" count="54" type="stmt"/>
      <line num="90" count="54" type="stmt"/>
      <line num="91" count="54" type="stmt"/>
      <line num="93" count="54" type="stmt"/>
      <line num="94" count="54" type="stmt"/>
      <line num="95" count="54" type="stmt"/>
      <line num="96" count="50" type="stmt"/>
      <line num="102" count="29" type="stmt"/>
      <line num="112" count="17" type="stmt"/>
      <line num="113" count="17" type="stmt"/>
      <line num="118" count="36" type="cond" truecount="2" falsecount="0"/>
      <line num="119" count="9" type="cond" truecount="2" falsecount="0"/>
      <line num="120" count="4" type="stmt"/>
      <line num="123" count="5" type="cond" truecount="2" falsecount="0"/>
      <line num="128" count="36" type="cond" truecount="4" falsecount="0"/>
      <line num="129" count="22" type="stmt"/>
      <line num="145" count="17" type="stmt"/>
      <line num="147" count="17" type="cond" truecount="2" falsecount="0"/>
      <line num="148" count="1" type="stmt"/>
      <line num="152" count="17" type="stmt"/>
      <line num="153" count="21" type="cond" truecount="2" falsecount="0"/>
      <line num="154" count="4" type="stmt"/>
      <line num="155" count="4" type="stmt"/>
      <line num="156" count="4" type="stmt"/>
      <line num="158" count="4" type="cond" truecount="3" falsecount="1"/>
      <line num="159" count="4" type="stmt"/>
      <line num="166" count="17" type="stmt"/>
      <line num="170" count="36" type="cond" truecount="2" falsecount="0"/>
      <line num="171" count="26" type="cond" truecount="2" falsecount="0"/>
      <line num="172" count="15" type="stmt"/>
      <line num="173" count="15" type="stmt"/>
      <line num="175" count="11" type="cond" truecount="2" falsecount="0"/>
      <line num="176" count="7" type="stmt"/>
      <line num="178" count="27" type="stmt"/>
      <line num="179" count="12" type="cond" truecount="2" falsecount="0"/>
      <line num="184" count="4" type="stmt"/>
      <line num="190" count="36" type="cond" truecount="2" falsecount="0"/>
      <line num="194" count="1" type="stmt"/>
      <line num="197" count="35" type="cond" truecount="2" falsecount="0"/>
      <line num="198" count="21" type="stmt"/>
      <line num="199" count="29" type="stmt"/>
      <line num="200" count="70" type="cond" truecount="2" falsecount="0"/>
      <line num="201" count="25" type="stmt"/>
      <line num="203" count="45" type="stmt"/>
      <line num="207" count="21" type="cond" truecount="4" falsecount="0"/>
      <line num="208" count="21" type="stmt"/>
      <line num="209" count="21" type="stmt"/>
      <line num="210" count="17" type="stmt"/>
      <line num="218" count="13" type="stmt"/>
      <line num="219" count="13" type="stmt"/>
      <line num="220" count="13" type="stmt"/>
      <line num="221" count="18" type="stmt"/>
      <line num="222" count="18" type="cond" truecount="10" falsecount="0"/>
      <line num="223" count="1" type="stmt"/>
      <line num="226" count="17" type="stmt"/>
      <line num="227" count="17" type="stmt"/>
      <line num="230" count="6" type="cond" truecount="2" falsecount="0"/>
      <line num="231" count="1" type="stmt"/>
      <line num="233" count="5" type="stmt"/>
      <line num="238" count="4" type="stmt"/>
      <line num="239" count="4" type="stmt"/>
      <line num="240" count="4" type="stmt"/>
      <line num="241" count="4" type="stmt"/>
    </file>
    <file name="index.ts" path="/Users/calvin/Documents/calvin/field-transform/src/index.ts">
      <metrics statements="3" coveredstatements="3" conditionals="0" coveredconditionals="0" methods="4" coveredmethods="4"/>
      <line num="1" count="17" type="stmt"/>
      <line num="2" count="6" type="stmt"/>
      <line num="3" count="4" type="stmt"/>
    </file>
  </project>
</coverage>
