{"/Users/calvin/Documents/calvin/field-transform/src/field-transform.ts": {"path":"/Users/calvin/Documents/calvin/field-transform/src/field-transform.ts","statementMap":{"0":{"start":{"line":3,"column":13},"end":{"line":3,"column":23}},"1":{"start":{"line":3,"column":19},"end":{"line":3,"column":23}},"2":{"start":{"line":4,"column":39},"end":{"line":8,"column":2}},"3":{"start":{"line":11,"column":30},"end":{"line":14,"column":4}},"4":{"start":{"line":16,"column":2},"end":{"line":19,"column":null}},"5":{"start":{"line":17,"column":4},"end":{"line":17,"column":26}},"6":{"start":{"line":18,"column":4},"end":{"line":18,"column":40}},"7":{"start":{"line":21,"column":2},"end":{"line":21,"column":16}},"8":{"start":{"line":38,"column":6},"end":{"line":38,"column":20}},"9":{"start":{"line":39,"column":15},"end":{"line":39,"column":31}},"10":{"start":{"line":40,"column":40},"end":{"line":40,"column":81}},"11":{"start":{"line":42,"column":2},"end":{"line":100,"column":5}},"12":{"start":{"line":43,"column":21},"end":{"line":43,"column":43}},"13":{"start":{"line":44,"column":4},"end":{"line":98,"column":null}},"14":{"start":{"line":45,"column":6},"end":{"line":75,"column":33}},"15":{"start":{"line":47,"column":24},"end":{"line":47,"column":43}},"16":{"start":{"line":48,"column":10},"end":{"line":68,"column":null}},"17":{"start":{"line":50,"column":12},"end":{"line":50,"column":33}},"18":{"start":{"line":53,"column":12},"end":{"line":53,"column":32}},"19":{"start":{"line":54,"column":32},"end":{"line":54,"column":55}},"20":{"start":{"line":55,"column":24},"end":{"line":60,"column":14}},"21":{"start":{"line":61,"column":12},"end":{"line":61,"column":32}},"22":{"start":{"line":62,"column":12},"end":{"line":62,"column":39}},"23":{"start":{"line":63,"column":27},"end":{"line":63,"column":45}},"24":{"start":{"line":65,"column":12},"end":{"line":65,"column":38}},"25":{"start":{"line":66,"column":12},"end":{"line":66,"column":39}},"26":{"start":{"line":67,"column":12},"end":{"line":67,"column":38}},"27":{"start":{"line":70,"column":10},"end":{"line":70,"column":20}},"28":{"start":{"line":73,"column":10},"end":{"line":73,"column":139}},"29":{"start":{"line":73,"column":63},"end":{"line":73,"column":136}},"30":{"start":{"line":74,"column":10},"end":{"line":74,"column":23}},"31":{"start":{"line":79,"column":6},"end":{"line":97,"column":9}},"32":{"start":{"line":80,"column":8},"end":{"line":80,"column":24}},"33":{"start":{"line":81,"column":28},"end":{"line":81,"column":51}},"34":{"start":{"line":82,"column":20},"end":{"line":87,"column":10}},"35":{"start":{"line":89,"column":8},"end":{"line":89,"column":28}},"36":{"start":{"line":90,"column":8},"end":{"line":90,"column":31}},"37":{"start":{"line":91,"column":23},"end":{"line":91,"column":41}},"38":{"start":{"line":93,"column":8},"end":{"line":93,"column":34}},"39":{"start":{"line":94,"column":8},"end":{"line":94,"column":31}},"40":{"start":{"line":95,"column":8},"end":{"line":95,"column":34}},"41":{"start":{"line":96,"column":8},"end":{"line":96,"column":18}},"42":{"start":{"line":102,"column":2},"end":{"line":102,"column":48}},"43":{"start":{"line":239,"column":2},"end":{"line":239,"column":13}},"44":{"start":{"line":112,"column":29},"end":{"line":112,"column":63}},"45":{"start":{"line":113,"column":2},"end":{"line":132,"column":null}},"46":{"start":{"line":118,"column":6},"end":{"line":125,"column":null}},"47":{"start":{"line":119,"column":8},"end":{"line":124,"column":null}},"48":{"start":{"line":120,"column":10},"end":{"line":120,"column":41}},"49":{"start":{"line":123,"column":10},"end":{"line":123,"column":49}},"50":{"start":{"line":128,"column":6},"end":{"line":130,"column":null}},"51":{"start":{"line":129,"column":8},"end":{"line":129,"column":29}},"52":{"start":{"line":240,"column":2},"end":{"line":240,"column":13}},"53":{"start":{"line":145,"column":3},"end":{"line":145,"column":37}},"54":{"start":{"line":147,"column":2},"end":{"line":149,"column":null}},"55":{"start":{"line":148,"column":4},"end":{"line":148,"column":21}},"56":{"start":{"line":152,"column":30},"end":{"line":164,"column":3}},"57":{"start":{"line":153,"column":4},"end":{"line":163,"column":null}},"58":{"start":{"line":154,"column":22},"end":{"line":154,"column":47}},"59":{"start":{"line":155,"column":20},"end":{"line":155,"column":40}},"60":{"start":{"line":156,"column":20},"end":{"line":156,"column":40}},"61":{"start":{"line":158,"column":6},"end":{"line":162,"column":null}},"62":{"start":{"line":159,"column":8},"end":{"line":161,"column":10}},"63":{"start":{"line":166,"column":2},"end":{"line":213,"column":null}},"64":{"start":{"line":170,"column":6},"end":{"line":186,"column":null}},"65":{"start":{"line":171,"column":8},"end":{"line":174,"column":null}},"66":{"start":{"line":172,"column":10},"end":{"line":172,"column":41}},"67":{"start":{"line":173,"column":10},"end":{"line":173,"column":17}},"68":{"start":{"line":175,"column":8},"end":{"line":185,"column":null}},"69":{"start":{"line":176,"column":10},"end":{"line":181,"column":null}},"70":{"start":{"line":178,"column":32},"end":{"line":178,"column":93}},"71":{"start":{"line":178,"column":56},"end":{"line":178,"column":92}},"72":{"start":{"line":179,"column":14},"end":{"line":179,"column":43}},"73":{"start":{"line":184,"column":10},"end":{"line":184,"column":34}},"74":{"start":{"line":190,"column":6},"end":{"line":195,"column":null}},"75":{"start":{"line":194,"column":8},"end":{"line":194,"column":118}},"76":{"start":{"line":197,"column":6},"end":{"line":211,"column":null}},"77":{"start":{"line":198,"column":26},"end":{"line":205,"column":10}},"78":{"start":{"line":199,"column":10},"end":{"line":204,"column":null}},"79":{"start":{"line":200,"column":12},"end":{"line":202,"column":null}},"80":{"start":{"line":201,"column":14},"end":{"line":201,"column":38}},"81":{"start":{"line":203,"column":12},"end":{"line":203,"column":24}},"82":{"start":{"line":207,"column":23},"end":{"line":207,"column":38}},"83":{"start":{"line":208,"column":23},"end":{"line":208,"column":36}},"84":{"start":{"line":209,"column":8},"end":{"line":209,"column":44}},"85":{"start":{"line":210,"column":8},"end":{"line":210,"column":31}},"86":{"start":{"line":241,"column":2},"end":{"line":241,"column":13}},"87":{"start":{"line":218,"column":18},"end":{"line":218,"column":52}},"88":{"start":{"line":219,"column":2},"end":{"line":234,"column":null}},"89":{"start":{"line":220,"column":4},"end":{"line":228,"column":7}},"90":{"start":{"line":221,"column":39},"end":{"line":221,"column":45}},"91":{"start":{"line":222,"column":6},"end":{"line":224,"column":null}},"92":{"start":{"line":223,"column":8},"end":{"line":223,"column":122}},"93":{"start":{"line":226,"column":27},"end":{"line":226,"column":57}},"94":{"start":{"line":227,"column":6},"end":{"line":227,"column":51}},"95":{"start":{"line":230,"column":4},"end":{"line":232,"column":null}},"96":{"start":{"line":231,"column":6},"end":{"line":231,"column":18}},"97":{"start":{"line":233,"column":4},"end":{"line":233,"column":24}},"98":{"start":{"line":238,"column":2},"end":{"line":238,"column":11}}},"fnMap":{"0":{"name":"(anonymous_0)","decl":{"start":{"line":3,"column":13},"end":{"line":3,"column":16}},"loc":{"start":{"line":3,"column":19},"end":{"line":3,"column":23}}},"1":{"name":"tryMatchArrayGramma","decl":{"start":{"line":10,"column":9},"end":{"line":10,"column":28}},"loc":{"start":{"line":10,"column":42},"end":{"line":22,"column":1}}},"2":{"name":"fieldReader","decl":{"start":{"line":34,"column":9},"end":{"line":34,"column":20}},"loc":{"start":{"line":34,"column":102},"end":{"line":103,"column":1}}},"3":{"name":"(anonymous_3)","decl":{"start":{"line":42,"column":15},"end":{"line":42,"column":16}},"loc":{"start":{"line":42,"column":42},"end":{"line":100,"column":3}}},"4":{"name":"(anonymous_4)","decl":{"start":{"line":46,"column":13},"end":{"line":46,"column":15}},"loc":{"start":{"line":46,"column":18},"end":{"line":71,"column":9}}},"5":{"name":"(anonymous_5)","decl":{"start":{"line":72,"column":16},"end":{"line":72,"column":17}},"loc":{"start":{"line":72,"column":30},"end":{"line":75,"column":9}}},"6":{"name":"(anonymous_6)","decl":{"start":{"line":73,"column":37},"end":{"line":73,"column":38}},"loc":{"start":{"line":73,"column":63},"end":{"line":73,"column":136}}},"7":{"name":"(anonymous_7)","decl":{"start":{"line":79,"column":28},"end":{"line":79,"column":30}},"loc":{"start":{"line":79,"column":33},"end":{"line":97,"column":7}}},"8":{"name":"fieldGetter","decl":{"start":{"line":111,"column":9},"end":{"line":111,"column":20}},"loc":{"start":{"line":111,"column":100},"end":{"line":133,"column":1}}},"9":{"name":"(anonymous_9)","decl":{"start":{"line":114,"column":4},"end":{"line":114,"column":18}},"loc":{"start":{"line":114,"column":56},"end":{"line":126,"column":5}}},"10":{"name":"(anonymous_10)","decl":{"start":{"line":127,"column":4},"end":{"line":127,"column":18}},"loc":{"start":{"line":127,"column":53},"end":{"line":131,"column":5}}},"11":{"name":"fieldSetter","decl":{"start":{"line":141,"column":9},"end":{"line":141,"column":20}},"loc":{"start":{"line":141,"column":138},"end":{"line":214,"column":1}}},"12":{"name":"(anonymous_12)","decl":{"start":{"line":152,"column":30},"end":{"line":152,"column":31}},"loc":{"start":{"line":152,"column":59},"end":{"line":164,"column":3}}},"13":{"name":"(anonymous_13)","decl":{"start":{"line":167,"column":4},"end":{"line":167,"column":18}},"loc":{"start":{"line":167,"column":56},"end":{"line":187,"column":5}}},"14":{"name":"(anonymous_14)","decl":{"start":{"line":177,"column":17},"end":{"line":177,"column":18}},"loc":{"start":{"line":177,"column":30},"end":{"line":180,"column":13}}},"15":{"name":"(anonymous_15)","decl":{"start":{"line":178,"column":50},"end":{"line":178,"column":52}},"loc":{"start":{"line":178,"column":56},"end":{"line":178,"column":92}}},"16":{"name":"(anonymous_16)","decl":{"start":{"line":188,"column":4},"end":{"line":188,"column":18}},"loc":{"start":{"line":188,"column":74},"end":{"line":212,"column":5}}},"17":{"name":"(anonymous_17)","decl":{"start":{"line":198,"column":44},"end":{"line":198,"column":46}},"loc":{"start":{"line":198,"column":49},"end":{"line":205,"column":9}}},"18":{"name":"(anonymous_18)","decl":{"start":{"line":199,"column":31},"end":{"line":199,"column":32}},"loc":{"start":{"line":199,"column":43},"end":{"line":204,"column":11}}},"19":{"name":"transform","decl":{"start":{"line":217,"column":9},"end":{"line":217,"column":18}},"loc":{"start":{"line":217,"column":113},"end":{"line":235,"column":1}}},"20":{"name":"(anonymous_20)","decl":{"start":{"line":220,"column":20},"end":{"line":220,"column":26}},"loc":{"start":{"line":220,"column":29},"end":{"line":228,"column":5}}}},"branchMap":{"0":{"loc":{"start":{"line":16,"column":2},"end":{"line":19,"column":null}},"type":"if","locations":[{"start":{"line":16,"column":2},"end":{"line":19,"column":null}},{"start":{"line":16,"column":2},"end":{"line":19,"column":null}}]},"1":{"loc":{"start":{"line":36,"column":21},"end":{"line":36,"column":25}},"type":"default-arg","locations":[{"start":{"line":36,"column":21},"end":{"line":36,"column":25}}]},"2":{"loc":{"start":{"line":37,"column":21},"end":{"line":37,"column":25}},"type":"default-arg","locations":[{"start":{"line":37,"column":21},"end":{"line":37,"column":25}}]},"3":{"loc":{"start":{"line":38,"column":6},"end":{"line":38,"column":14}},"type":"binary-expr","locations":[{"start":{"line":38,"column":6},"end":{"line":38,"column":14}},{"start":{"line":38,"column":18},"end":{"line":38,"column":20}}]},"4":{"loc":{"start":{"line":44,"column":4},"end":{"line":98,"column":null}},"type":"if","locations":[{"start":{"line":44,"column":4},"end":{"line":98,"column":null}},{"start":{"line":44,"column":4},"end":{"line":98,"column":null}}]},"5":{"loc":{"start":{"line":48,"column":10},"end":{"line":68,"column":null}},"type":"if","locations":[{"start":{"line":48,"column":10},"end":{"line":68,"column":null}},{"start":{"line":48,"column":10},"end":{"line":68,"column":null}}]},"6":{"loc":{"start":{"line":48,"column":14},"end":{"line":48,"column":20}},"type":"binary-expr","locations":[{"start":{"line":48,"column":14},"end":{"line":48,"column":20}},{"start":{"line":48,"column":24},"end":{"line":48,"column":46}}]},"7":{"loc":{"start":{"line":50,"column":22},"end":{"line":50,"column":26}},"type":"binary-expr","locations":[{"start":{"line":50,"column":22},"end":{"line":50,"column":26}},{"start":{"line":50,"column":30},"end":{"line":50,"column":32}}]},"8":{"loc":{"start":{"line":118,"column":6},"end":{"line":125,"column":null}},"type":"if","locations":[{"start":{"line":118,"column":6},"end":{"line":125,"column":null}},{"start":{"line":118,"column":6},"end":{"line":125,"column":null}}]},"9":{"loc":{"start":{"line":119,"column":8},"end":{"line":124,"column":null}},"type":"if","locations":[{"start":{"line":119,"column":8},"end":{"line":124,"column":null}},{"start":{"line":119,"column":8},"end":{"line":124,"column":null}}]},"10":{"loc":{"start":{"line":123,"column":41},"end":{"line":123,"column":43}},"type":"cond-expr","locations":[{"start":{"line":123,"column":41},"end":{"line":123,"column":43}},{"start":{"line":123,"column":46},"end":{"line":123,"column":48}}]},"11":{"loc":{"start":{"line":128,"column":6},"end":{"line":130,"column":null}},"type":"if","locations":[{"start":{"line":128,"column":6},"end":{"line":130,"column":null}},{"start":{"line":128,"column":6},"end":{"line":130,"column":null}}]},"12":{"loc":{"start":{"line":128,"column":10},"end":{"line":128,"column":19}},"type":"binary-expr","locations":[{"start":{"line":128,"column":10},"end":{"line":128,"column":19}},{"start":{"line":128,"column":23},"end":{"line":128,"column":34}}]},"13":{"loc":{"start":{"line":147,"column":2},"end":{"line":149,"column":null}},"type":"if","locations":[{"start":{"line":147,"column":2},"end":{"line":149,"column":null}},{"start":{"line":147,"column":2},"end":{"line":149,"column":null}}]},"14":{"loc":{"start":{"line":153,"column":4},"end":{"line":163,"column":null}},"type":"if","locations":[{"start":{"line":153,"column":4},"end":{"line":163,"column":null}},{"start":{"line":153,"column":4},"end":{"line":163,"column":null}}]},"15":{"loc":{"start":{"line":158,"column":6},"end":{"line":162,"column":null}},"type":"if","locations":[{"start":{"line":158,"column":6},"end":{"line":162,"column":null}},{"start":{"line":158,"column":6},"end":{"line":162,"column":null}}]},"16":{"loc":{"start":{"line":158,"column":10},"end":{"line":158,"column":25}},"type":"binary-expr","locations":[{"start":{"line":158,"column":10},"end":{"line":158,"column":25}},{"start":{"line":158,"column":29},"end":{"line":158,"column":59}}]},"17":{"loc":{"start":{"line":170,"column":6},"end":{"line":186,"column":null}},"type":"if","locations":[{"start":{"line":170,"column":6},"end":{"line":186,"column":null}},{"start":{"line":170,"column":6},"end":{"line":186,"column":null}}]},"18":{"loc":{"start":{"line":171,"column":8},"end":{"line":174,"column":null}},"type":"if","locations":[{"start":{"line":171,"column":8},"end":{"line":174,"column":null}},{"start":{"line":171,"column":8},"end":{"line":174,"column":null}}]},"19":{"loc":{"start":{"line":175,"column":8},"end":{"line":185,"column":null}},"type":"if","locations":[{"start":{"line":175,"column":8},"end":{"line":185,"column":null}},{"start":{"line":175,"column":8},"end":{"line":185,"column":null}}]},"20":{"loc":{"start":{"line":179,"column":33},"end":{"line":179,"column":35}},"type":"cond-expr","locations":[{"start":{"line":179,"column":33},"end":{"line":179,"column":35}},{"start":{"line":179,"column":38},"end":{"line":179,"column":42}}]},"21":{"loc":{"start":{"line":190,"column":6},"end":{"line":195,"column":null}},"type":"if","locations":[{"start":{"line":190,"column":6},"end":{"line":195,"column":null}},{"start":{"line":190,"column":6},"end":{"line":195,"column":null}}]},"22":{"loc":{"start":{"line":191,"column":8},"end":{"line":191,"column":15}},"type":"binary-expr","locations":[{"start":{"line":191,"column":8},"end":{"line":191,"column":15}},{"start":{"line":191,"column":19},"end":{"line":191,"column":39}},{"start":{"line":192,"column":11},"end":{"line":192,"column":19}},{"start":{"line":192,"column":24},"end":{"line":192,"column":36}},{"start":{"line":192,"column":41},"end":{"line":192,"column":67}}]},"23":{"loc":{"start":{"line":197,"column":6},"end":{"line":211,"column":null}},"type":"if","locations":[{"start":{"line":197,"column":6},"end":{"line":211,"column":null}},{"start":{"line":197,"column":6},"end":{"line":211,"column":null}}]},"24":{"loc":{"start":{"line":200,"column":12},"end":{"line":202,"column":null}},"type":"if","locations":[{"start":{"line":200,"column":12},"end":{"line":202,"column":null}},{"start":{"line":200,"column":12},"end":{"line":202,"column":null}}]},"25":{"loc":{"start":{"line":207,"column":32},"end":{"line":207,"column":34}},"type":"cond-expr","locations":[{"start":{"line":207,"column":32},"end":{"line":207,"column":34}},{"start":{"line":207,"column":23},"end":{"line":207,"column":38}}]},"26":{"loc":{"start":{"line":207,"column":23},"end":{"line":207,"column":34}},"type":"binary-expr","locations":[{"start":{"line":207,"column":23},"end":{"line":207,"column":34}},{"start":{"line":207,"column":23},"end":{"line":207,"column":34}}]},"27":{"loc":{"start":{"line":222,"column":6},"end":{"line":224,"column":null}},"type":"if","locations":[{"start":{"line":222,"column":6},"end":{"line":224,"column":null}},{"start":{"line":222,"column":6},"end":{"line":224,"column":null}}]},"28":{"loc":{"start":{"line":222,"column":26},"end":{"line":222,"column":28}},"type":"cond-expr","locations":[{"start":{"line":222,"column":26},"end":{"line":222,"column":28}},{"start":{"line":222,"column":26},"end":{"line":222,"column":34}}]},"29":{"loc":{"start":{"line":222,"column":10},"end":{"line":222,"column":28}},"type":"binary-expr","locations":[{"start":{"line":222,"column":10},"end":{"line":222,"column":28}},{"start":{"line":222,"column":26},"end":{"line":222,"column":28}}]},"30":{"loc":{"start":{"line":222,"column":55},"end":{"line":222,"column":57}},"type":"cond-expr","locations":[{"start":{"line":222,"column":55},"end":{"line":222,"column":57}},{"start":{"line":222,"column":55},"end":{"line":222,"column":63}}]},"31":{"loc":{"start":{"line":222,"column":39},"end":{"line":222,"column":57}},"type":"binary-expr","locations":[{"start":{"line":222,"column":39},"end":{"line":222,"column":57}},{"start":{"line":222,"column":55},"end":{"line":222,"column":57}}]},"32":{"loc":{"start":{"line":230,"column":4},"end":{"line":232,"column":null}},"type":"if","locations":[{"start":{"line":230,"column":4},"end":{"line":232,"column":null}},{"start":{"line":230,"column":4},"end":{"line":232,"column":null}}]}},"s":{"0":4,"1":0,"2":4,"3":60,"4":60,"5":18,"6":18,"7":60,"8":34,"9":34,"10":34,"11":34,"12":60,"13":60,"14":18,"15":24,"16":24,"17":6,"18":18,"19":18,"20":18,"21":18,"22":18,"23":18,"24":18,"25":18,"26":18,"27":23,"28":23,"29":33,"30":23,"31":42,"32":54,"33":54,"34":54,"35":54,"36":54,"37":54,"38":54,"39":54,"40":54,"41":50,"42":29,"43":4,"44":17,"45":17,"46":36,"47":9,"48":4,"49":5,"50":36,"51":22,"52":4,"53":17,"54":17,"55":1,"56":17,"57":21,"58":4,"59":4,"60":4,"61":4,"62":4,"63":17,"64":36,"65":26,"66":15,"67":15,"68":11,"69":7,"70":12,"71":27,"72":12,"73":4,"74":36,"75":1,"76":35,"77":21,"78":29,"79":70,"80":25,"81":45,"82":21,"83":21,"84":21,"85":17,"86":4,"87":13,"88":13,"89":13,"90":18,"91":18,"92":1,"93":17,"94":17,"95":6,"96":1,"97":5,"98":4},"f":{"0":0,"1":60,"2":34,"3":60,"4":24,"5":23,"6":33,"7":54,"8":17,"9":36,"10":36,"11":17,"12":21,"13":36,"14":12,"15":27,"16":36,"17":29,"18":70,"19":13,"20":18},"b":{"0":[18,42],"1":[0],"2":[0],"3":[34,0],"4":[18,42],"5":[6,18],"6":[24,6],"7":[6,0],"8":[9,27],"9":[4,5],"10":[3,2],"11":[22,14],"12":[36,36],"13":[1,16],"14":[4,17],"15":[4,0],"16":[4,4],"17":[26,10],"18":[15,11],"19":[7,4],"20":[8,4],"21":[1,35],"22":[36,9,35,27,6],"23":[21,14],"24":[25,45],"25":[1,20],"26":[21,21],"27":[1,17],"28":[11,7],"29":[18,7],"30":[11,7],"31":[18,7],"32":[1,5]}}
,"/Users/calvin/Documents/calvin/field-transform/src/index.ts": {"path":"/Users/calvin/Documents/calvin/field-transform/src/index.ts","statementMap":{"0":{"start":{"line":1,"column":0},"end":{"line":1,"column":9}},"1":{"start":{"line":1,"column":9},"end":{"line":1,"column":29}},"2":{"start":{"line":2,"column":0},"end":{"line":2,"column":9}},"3":{"start":{"line":2,"column":9},"end":{"line":2,"column":22}},"4":{"start":{"line":2,"column":22},"end":{"line":2,"column":35}},"5":{"start":{"line":2,"column":35},"end":{"line":2,"column":74}},"6":{"start":{"line":3,"column":0},"end":{"line":3,"column":24}}},"fnMap":{"0":{"name":"(anonymous_4)","decl":{"start":{"line":1,"column":9},"end":{"line":1,"column":18}},"loc":{"start":{"line":1,"column":9},"end":{"line":1,"column":29}}},"1":{"name":"(anonymous_5)","decl":{"start":{"line":2,"column":9},"end":{"line":2,"column":20}},"loc":{"start":{"line":2,"column":9},"end":{"line":2,"column":22}}},"2":{"name":"(anonymous_6)","decl":{"start":{"line":2,"column":22},"end":{"line":2,"column":33}},"loc":{"start":{"line":2,"column":22},"end":{"line":2,"column":35}}},"3":{"name":"(anonymous_7)","decl":{"start":{"line":2,"column":35},"end":{"line":2,"column":46}},"loc":{"start":{"line":2,"column":35},"end":{"line":2,"column":74}}}},"branchMap":{},"s":{"0":4,"1":17,"2":4,"3":6,"4":6,"5":6,"6":4},"f":{"0":13,"1":2,"2":2,"3":2},"b":{}}
}
