TN:
SF:src/field-transform.ts
FN:3,(anonymous_0)
FN:10,tryMatchArrayGramma
FN:34,fieldReader
FN:42,(anonymous_3)
FN:46,(anonymous_4)
FN:72,(anonymous_5)
FN:73,(anonymous_6)
FN:79,(anonymous_7)
FN:111,fieldGetter
FN:114,(anonymous_9)
FN:127,(anonymous_10)
FN:141,fieldSetter
FN:152,(anonymous_12)
FN:167,(anonymous_13)
FN:177,(anonymous_14)
FN:178,(anonymous_15)
FN:188,(anonymous_16)
FN:198,(anonymous_17)
FN:199,(anonymous_18)
FN:217,transform
FN:220,(anonymous_20)
FNF:21
FNH:20
FNDA:0,(anonymous_0)
FNDA:60,tryMatchArrayGramma
FNDA:34,fieldReader
FNDA:60,(anonymous_3)
FNDA:24,(anonymous_4)
FNDA:23,(anonymous_5)
FNDA:33,(anonymous_6)
FNDA:54,(anonymous_7)
FNDA:17,fieldGetter
FNDA:36,(anonymous_9)
FNDA:36,(anonymous_10)
FNDA:17,fieldSetter
FNDA:21,(anonymous_12)
FNDA:36,(anonymous_13)
FNDA:12,(anonymous_14)
FNDA:27,(anonymous_15)
FNDA:36,(anonymous_16)
FNDA:29,(anonymous_17)
FNDA:70,(anonymous_18)
FNDA:13,transform
FNDA:18,(anonymous_20)
DA:3,4
DA:4,4
DA:11,60
DA:16,60
DA:17,18
DA:18,18
DA:21,60
DA:38,34
DA:39,34
DA:40,34
DA:42,34
DA:43,60
DA:44,60
DA:45,18
DA:47,24
DA:48,24
DA:50,6
DA:53,18
DA:54,18
DA:55,18
DA:61,18
DA:62,18
DA:63,18
DA:65,18
DA:66,18
DA:67,18
DA:70,23
DA:73,33
DA:74,23
DA:79,42
DA:80,54
DA:81,54
DA:82,54
DA:89,54
DA:90,54
DA:91,54
DA:93,54
DA:94,54
DA:95,54
DA:96,50
DA:102,29
DA:112,17
DA:113,17
DA:118,36
DA:119,9
DA:120,4
DA:123,5
DA:128,36
DA:129,22
DA:145,17
DA:147,17
DA:148,1
DA:152,17
DA:153,21
DA:154,4
DA:155,4
DA:156,4
DA:158,4
DA:159,4
DA:166,17
DA:170,36
DA:171,26
DA:172,15
DA:173,15
DA:175,11
DA:176,7
DA:178,27
DA:179,12
DA:184,4
DA:190,36
DA:194,1
DA:197,35
DA:198,21
DA:199,29
DA:200,70
DA:201,25
DA:203,45
DA:207,21
DA:208,21
DA:209,21
DA:210,17
DA:218,13
DA:219,13
DA:220,13
DA:221,18
DA:222,18
DA:223,1
DA:226,17
DA:227,17
DA:230,6
DA:231,1
DA:233,5
DA:238,4
DA:239,4
DA:240,4
DA:241,4
LF:96
LH:96
BRDA:16,0,0,18
BRDA:16,0,1,42
BRDA:36,1,0,0
BRDA:37,2,0,0
BRDA:38,3,0,34
BRDA:38,3,1,0
BRDA:44,4,0,18
BRDA:44,4,1,42
BRDA:48,5,0,6
BRDA:48,5,1,18
BRDA:48,6,0,24
BRDA:48,6,1,6
BRDA:50,7,0,6
BRDA:50,7,1,0
BRDA:118,8,0,9
BRDA:118,8,1,27
BRDA:119,9,0,4
BRDA:119,9,1,5
BRDA:123,10,0,3
BRDA:123,10,1,2
BRDA:128,11,0,22
BRDA:128,11,1,14
BRDA:128,12,0,36
BRDA:128,12,1,36
BRDA:147,13,0,1
BRDA:147,13,1,16
BRDA:153,14,0,4
BRDA:153,14,1,17
BRDA:158,15,0,4
BRDA:158,15,1,0
BRDA:158,16,0,4
BRDA:158,16,1,4
BRDA:170,17,0,26
BRDA:170,17,1,10
BRDA:171,18,0,15
BRDA:171,18,1,11
BRDA:175,19,0,7
BRDA:175,19,1,4
BRDA:179,20,0,8
BRDA:179,20,1,4
BRDA:190,21,0,1
BRDA:190,21,1,35
BRDA:191,22,0,36
BRDA:191,22,1,9
BRDA:191,22,2,35
BRDA:191,22,3,27
BRDA:191,22,4,6
BRDA:197,23,0,21
BRDA:197,23,1,14
BRDA:200,24,0,25
BRDA:200,24,1,45
BRDA:207,25,0,1
BRDA:207,25,1,20
BRDA:207,26,0,21
BRDA:207,26,1,21
BRDA:222,27,0,1
BRDA:222,27,1,17
BRDA:222,28,0,11
BRDA:222,28,1,7
BRDA:222,29,0,18
BRDA:222,29,1,7
BRDA:222,30,0,11
BRDA:222,30,1,7
BRDA:222,31,0,18
BRDA:222,31,1,7
BRDA:230,32,0,1
BRDA:230,32,1,5
BRF:67
BRH:62
end_of_record
TN:
SF:src/index.ts
FN:1,(anonymous_4)
FN:2,(anonymous_5)
FN:2,(anonymous_6)
FN:2,(anonymous_7)
FNF:4
FNH:4
FNDA:13,(anonymous_4)
FNDA:2,(anonymous_5)
FNDA:2,(anonymous_6)
FNDA:2,(anonymous_7)
DA:1,17
DA:2,6
DA:3,4
LF:3
LH:3
BRF:0
BRH:0
end_of_record
